<?xml version="1.0" encoding="UTF-8"?>
<testng-results skipped="0" failed="0" total="1" passed="1">
  <reporter-output>
  </reporter-output>
  <suite name="Default suite" duration-ms="11093" started-at="2017-04-13T17:37:36Z" finished-at="2017-04-13T17:37:47Z">
    <groups>
    </groups>
    <test name="Default test" duration-ms="11093" started-at="2017-04-13T17:37:36Z" finished-at="2017-04-13T17:37:47Z">
      <class name="com.LoginTest.LginTest">
        <test-method status="PASS" signature="beforeTest()[pri:0, instance:com.LoginTest.LginTest@396a51ab]" name="beforeTest" is-config="true" duration-ms="7747" started-at="2017-04-13T23:07:36Z" finished-at="2017-04-13T23:07:44Z">
          <reporter-output>
          </reporter-output>
        </test-method> <!-- beforeTest -->
        <test-method status="PASS" signature="f()[pri:0, instance:com.LoginTest.LginTest@396a51ab]" name="f" duration-ms="2451" started-at="2017-04-13T23:07:44Z" finished-at="2017-04-13T23:07:47Z">
          <reporter-output>
          </reporter-output>
        </test-method> <!-- f -->
        <test-method status="PASS" signature="afterTest()[pri:0, instance:com.LoginTest.LginTest@396a51ab]" name="afterTest" is-config="true" duration-ms="879" started-at="2017-04-13T23:07:47Z" finished-at="2017-04-13T23:07:47Z">
          <reporter-output>
          </reporter-output>
        </test-method> <!-- afterTest -->
      </class> <!-- com.LoginTest.LginTest -->
    </test> <!-- Default test -->
  </suite> <!-- Default suite -->
</testng-results>
